-------------------------------------------------------------------------------
Test set: TestSuite
-------------------------------------------------------------------------------
Tests run: 5, Failures: 1, Errors: 0, Skipped: 0, Time elapsed: 26.141 s <<< FAILURE! - in TestSuite
Training.E2Eeclipse.ValidateTitle.basePageTitle  Time elapsed: 8.102 s  <<< FAILURE!
java.lang.AssertionError: expected [FEATURED COURSESs] but found [FEATURED COURSES]
	at Training.E2Eeclipse.ValidateTitle.basePageTitle(ValidateTitle.java:41)

