<?xml version="1.0" encoding="UTF-8"?>
<testsuite xmlns:xsi="http://www.w3.org/2001/XMLSchema-instance" xsi:noNamespaceSchemaLocation="https://maven.apache.org/surefire/maven-surefire-plugin/xsd/surefire-test-report-3.0.xsd" version="3.0" name="TestSuite" time="26.141" tests="5" errors="0" skipped="0" failures="1">
  <properties>
[...]
</properties>
  <testcase name="basePageMenu" classname="Training.E2Eeclipse.ValidateMenuDisplayed" time="7.774">
    <system-out><![CDATA[chromeheadless
chromeheadless
chromeheadless
]]></system-out>
    <system-err><![CDATA[Starting ChromeDriver 83.0.4103.39 (ccbf011cb2d2b19b506d844400483861342c20cd-refs/branch-heads/4103@{#416}) on port 17595
Only local connections are allowed.
Please see https://chromedriver.chromium.org/security-considerations for suggestions on keeping ChromeDriver safe.
ChromeDriver was started successfully.
Starting ChromeDriver 83.0.4103.39 (ccbf011cb2d2b19b506d844400483861342c20cd-refs/branch-heads/4103@{#416}) on port 38039
Only local connections are allowed.
Please see https://chromedriver.chromium.org/security-considerations for suggestions on keeping ChromeDriver safe.
ChromeDriver was started successfully.
Starting ChromeDriver 83.0.4103.39 (ccbf011cb2d2b19b506d844400483861342c20cd-refs/branch-heads/4103@{#416}) on port 37537
Only local connections are allowed.
Please see https://chromedriver.chromium.org/security-considerations for suggestions on keeping ChromeDriver safe.
ChromeDriver was started successfully.
[1596612474.521][WARNING]: This version of ChromeDriver has not been tested with Chrome version 84.
[1596612474.521][WARNING]: This version of ChromeDriver has not been tested with Chrome version 84.
[1596612474.655][WARNING]: This version of ChromeDriver has not been tested with Chrome version 84.
Aug 05, 2020 12:27:55 AM org.openqa.selenium.remote.ProtocolHandshake createSession
INFO: Detected dialect: W3C
Aug 05, 2020 12:27:55 AM org.openqa.selenium.remote.ProtocolHandshake createSession
INFO: Detected dialect: W3C
Aug 05, 2020 12:27:55 AM org.openqa.selenium.remote.ProtocolHandshake createSession
INFO: Detected dialect: W3C
]]></system-err>
  </testcase>
  <testcase name="basePageTitle" classname="Training.E2Eeclipse.ValidateTitle" time="8.102">
    <failure message="expected [FEATURED COURSESs] but found [FEATURED COURSES]" type="java.lang.AssertionError"><![CDATA[java.lang.AssertionError: expected [FEATURED COURSESs] but found [FEATURED COURSES]
	at Training.E2Eeclipse.ValidateTitle.basePageTitle(ValidateTitle.java:41)
]]></failure>
  </testcase>
  <testcase name="basePageLanding[firstEmail@abc.com, passing](1)" classname="Training.E2Eeclipse.HomePage" time="14.045"/>
  <testcase name="basePageLanding[secondEmail@abc.com, passpass](2)" classname="Training.E2Eeclipse.HomePage" time="2.972"/>
  <testcase name="basePageLanding[thirdEmail@abcd.com, 1234](3)" classname="Training.E2Eeclipse.HomePage" time="2.844"/>
</testsuite>