<?xml version="1.0" encoding="UTF-8"?>
<!-- Generated by org.testng.reporters.JUnitXMLReporter -->
<testsuite ignored="0" hostname="Khurram-PC" failures="0" tests="3" name="Default test" time="19.469" errors="0" timestamp="2020-08-02T02:45:18 MST">
  <testcase classname="Training.E2Eeclipse.HomePage" name="basePageNavigation" time="7.538"/>
  <testcase classname="Training.E2Eeclipse.HomePage" name="basePageNavigation" time="2.883"/>
  <testcase classname="Training.E2Eeclipse.HomePage" name="basePageNavigation" time="3.436"/>
</testsuite> <!-- Default test -->
