<?xml version="1.0" encoding="UTF-8"?>
<!-- Generated by org.testng.reporters.JUnitXMLReporter -->
<testsuite ignored="0" hostname="Khurram-PC" failures="2" tests="5" name="HomePage" time="26.369" errors="0" timestamp="2020-08-04T03:22:29 MST">
  <testcase classname="Training.E2Eeclipse.ValidateMenuDisplayed" name="basePageMenu" time="8.842">
    <failure type="java.lang.AssertionError" message="expected [false] but found [true]">
      <![CDATA[java.lang.AssertionError: expected [false] but found [true]
at Training.E2Eeclipse.ValidateMenuDisplayed.basePageMenu(ValidateMenuDisplayed.java:40)
at java.base/java.util.ArrayList.forEach(ArrayList.java:1540)
at java.base/java.util.concurrent.FutureTask.run(FutureTask.java:264)
at java.base/java.util.concurrent.ThreadPoolExecutor.runWorker(ThreadPoolExecutor.java:1128)
at java.base/java.util.concurrent.ThreadPoolExecutor$Worker.run(ThreadPoolExecutor.java:628)
at java.base/java.lang.Thread.run(Thread.java:834)
... Removed 22 stack frames]]>
    </failure>
  </testcase> <!-- basePageMenu -->
  <testcase classname="Training.E2Eeclipse.ValidateTitle" name="basePageTitle" time="8.601">
    <failure type="java.lang.AssertionError" message="expected [FEATURED COURSESs] but found [FEATURED COURSES]">
      <![CDATA[java.lang.AssertionError: expected [FEATURED COURSESs] but found [FEATURED COURSES]
at Training.E2Eeclipse.ValidateTitle.basePageTitle(ValidateTitle.java:41)
at java.base/java.util.ArrayList.forEach(ArrayList.java:1540)
at java.base/java.util.concurrent.FutureTask.run(FutureTask.java:264)
at java.base/java.util.concurrent.ThreadPoolExecutor.runWorker(ThreadPoolExecutor.java:1128)
at java.base/java.util.concurrent.ThreadPoolExecutor$Worker.run(ThreadPoolExecutor.java:628)
at java.base/java.lang.Thread.run(Thread.java:834)
... Removed 23 stack frames]]>
    </failure>
  </testcase> <!-- basePageTitle -->
  <testcase classname="Training.E2Eeclipse.HomePage" name="basePageLanding" time="13.125"/>
  <testcase classname="Training.E2Eeclipse.HomePage" name="basePageLanding" time="3.808"/>
  <testcase classname="Training.E2Eeclipse.HomePage" name="basePageLanding" time="3.738"/>
</testsuite> <!-- HomePage -->
