<?xml version="1.0" encoding="UTF-8"?>
<!-- Generated by org.testng.reporters.JUnitXMLReporter -->
<testsuite ignored="0" hostname="Khurram-PC" failures="1" tests="1" name="Menu" time="8.877" errors="0" timestamp="2020-08-04T03:02:01 MST">
  <testcase classname="Training.E2Eeclipse.ValidateMenuDisplayed" name="basePageMenu" time="3.264">
    <failure type="java.lang.AssertionError" message="expected [false] but found [true]">
      <![CDATA[java.lang.AssertionError: expected [false] but found [true]
at Training.E2Eeclipse.ValidateMenuDisplayed.basePageMenu(ValidateMenuDisplayed.java:40)
at java.base/java.util.ArrayList.forEach(ArrayList.java:1540)
... Removed 31 stack frames]]>
    </failure>
  </testcase> <!-- basePageMenu -->
</testsuite> <!-- Menu -->
