<?xml version="1.0" encoding="UTF-8"?>
<!-- Generated by org.testng.reporters.JUnitXMLReporter -->
<testsuite ignored="0" hostname="Khurram-PC" failures="1" tests="1" name="Validation" time="8.829" errors="0" timestamp="2020-08-04T03:01:52 MST">
  <testcase classname="Training.E2Eeclipse.ValidateTitle" name="basePageTitle" time="3.089">
    <failure type="java.lang.AssertionError" message="expected [FEATURED COURSESs] but found [FEATURED COURSES]">
      <![CDATA[java.lang.AssertionError: expected [FEATURED COURSESs] but found [FEATURED COURSES]
at Training.E2Eeclipse.ValidateTitle.basePageTitle(ValidateTitle.java:41)
at java.base/java.util.ArrayList.forEach(ArrayList.java:1540)
... Removed 32 stack frames]]>
    </failure>
  </testcase> <!-- basePageTitle -->
</testsuite> <!-- Validation -->
