<?xml version="1.0" encoding="UTF-8"?>
<!-- Generated by org.testng.reporters.JUnitXMLReporter -->
<testsuite ignored="0" hostname="Khurram-PC" failures="1" tests="5" name="HomePage" time="24.004" errors="0" timestamp="2020-08-05T00:28:16 MST">
  <testcase classname="Training.E2Eeclipse.ValidateMenuDisplayed" name="basePageMenu" time="7.956"/>
  <testcase classname="Training.E2Eeclipse.ValidateTitle" name="basePageTitle" time="8.278">
    <failure type="java.lang.AssertionError" message="expected [FEATURED COURSESs] but found [FEATURED COURSES]">
      <![CDATA[java.lang.AssertionError: expected [FEATURED COURSESs] but found [FEATURED COURSES]
at Training.E2Eeclipse.ValidateTitle.basePageTitle(ValidateTitle.java:41)
at java.base/java.util.ArrayList.forEach(ArrayList.java:1540)
at java.base/java.util.concurrent.FutureTask.run(FutureTask.java:264)
at java.base/java.util.concurrent.ThreadPoolExecutor.runWorker(ThreadPoolExecutor.java:1128)
at java.base/java.util.concurrent.ThreadPoolExecutor$Worker.run(ThreadPoolExecutor.java:628)
at java.base/java.lang.Thread.run(Thread.java:834)
... Removed 23 stack frames]]>
    </failure>
  </testcase> <!-- basePageTitle -->
  <testcase classname="Training.E2Eeclipse.HomePage" name="basePageLanding" time="14.23"/>
  <testcase classname="Training.E2Eeclipse.HomePage" name="basePageLanding" time="2.972"/>
  <testcase classname="Training.E2Eeclipse.HomePage" name="basePageLanding" time="2.842"/>
</testsuite> <!-- HomePage -->
