<?xml version="1.0" encoding="UTF-8"?>
<!-- Generated by org.testng.reporters.JUnitXMLReporter -->
<testsuite ignored="0" hostname="Khurram-PC" failures="0" tests="5" name="Menu" time="0.114" errors="0" timestamp="2020-08-05T00:20:42 MST">
  <testcase classname="Training.E2Eeclipse.ValidateMenuDisplayed" name="@BeforeTest befTest" time="0.016">
    <failure type="java.lang.NullPointerException">
      <![CDATA[java.lang.NullPointerException
at base.base.intializeDriver(base.java:46)
at Training.E2Eeclipse.ValidateMenuDisplayed.befTest(ValidateMenuDisplayed.java:27)
at java.base/java.util.concurrent.FutureTask.run(FutureTask.java:264)
at java.base/java.util.concurrent.ThreadPoolExecutor.runWorker(ThreadPoolExecutor.java:1128)
at java.base/java.util.concurrent.ThreadPoolExecutor$Worker.run(ThreadPoolExecutor.java:628)
at java.base/java.lang.Thread.run(Thread.java:834)
... Removed 15 stack frames]]>
    </failure>
  </testcase> <!-- @BeforeTest befTest -->
  <testcase classname="Training.E2Eeclipse.ValidateMenuDisplayed" name="@AfterTest afterTest" time="-1.596612042886E9">
    <skipped/>
  </testcase> <!-- @AfterTest afterTest -->
  <testcase classname="Training.E2Eeclipse.ValidateMenuDisplayed" name="basePageMenu" time="0.0">
    <skipped/>
  </testcase> <!-- basePageMenu -->
  <testcase classname="Training.E2Eeclipse.ValidateTitle" name="basePageTitle" time="0.0">
    <skipped/>
  </testcase> <!-- basePageTitle -->
  <testcase classname="Training.E2Eeclipse.HomePage" name="basePageLanding" time="0.0">
    <skipped/>
  </testcase> <!-- basePageLanding -->
  <testcase classname="Training.E2Eeclipse.HomePage" name="basePageLanding" time="0.0">
    <skipped/>
  </testcase> <!-- basePageLanding -->
  <testcase classname="Training.E2Eeclipse.HomePage" name="basePageLanding" time="0.0">
    <skipped/>
  </testcase> <!-- basePageLanding -->
</testsuite> <!-- Menu -->
